[08-Jun-2020 23:12:20 UTC] PHP Warning:  require_once(modelos/descargar.php): failed to open stream: No such file or directory in C:\inetpub\wwwroot\IntranetProsud2\modelos\descargar2.php on line 2
[08-Jun-2020 23:12:20 UTC] PHP Fatal error:  require_once(): Failed opening required 'modelos/descargar.php' (include_path='.;C:\php\pear') in C:\inetpub\wwwroot\IntranetProsud2\modelos\descargar2.php on line 2
[08-Jun-2020 23:17:56 UTC] PHP Warning:  require_once(modelos/descargar.php): failed to open stream: No such file or directory in C:\inetpub\wwwroot\IntranetProsud2\modelos\descargar2.php on line 2
[08-Jun-2020 23:17:56 UTC] PHP Fatal error:  require_once(): Failed opening required 'modelos/descargar.php' (include_path='.;C:\php\pear') in C:\inetpub\wwwroot\IntranetProsud2\modelos\descargar2.php on line 2
[08-Jun-2020 23:18:42 UTC] PHP Warning:  readfile(C:\pdf\2020\01\16\33_165801_2020-01-16_78030690-4.pdf): failed to open stream: No such file or directory in C:\inetpub\wwwroot\IntranetProsud2\modelos\descargar2.php on line 6
[08-Jun-2020 23:18:45 UTC] PHP Warning:  readfile(C:\pdf\2020\01\16\33_165801_2020-01-16_78030690-4.pdf): failed to open stream: No such file or directory in C:\inetpub\wwwroot\IntranetProsud2\modelos\descargar2.php on line 6
[08-Jun-2020 23:18:47 UTC] PHP Warning:  readfile(C:\pdf\2020\01\16\33_165801_2020-01-16_78030690-4.pdf): failed to open stream: No such file or directory in C:\inetpub\wwwroot\IntranetProsud2\modelos\descargar2.php on line 6
[08-Jun-2020 23:20:11 UTC] PHP Warning:  readfile(C:\pdf\2020\01\16\33_165801_2020-01-16_78030690-4.pdf): failed to open stream: No such file or directory in C:\inetpub\wwwroot\IntranetProsud2\modelos\descargar2.php on line 5
[08-Jun-2020 23:34:03 UTC] PHP Warning:  readfile(C:\pdf\2020\01\16\33_165801_2020-01-16_78030690-4.pdf): failed to open stream: No such file or directory in C:\inetpub\wwwroot\IntranetProsud2\modelos\descargar2.php on line 5
[08-Jun-2020 23:34:45 UTC] PHP Warning:  readfile(C:\pdf\2020\01\16\33_165801_2020-01-16_78030690-4.pdf): failed to open stream: No such file or directory in C:\inetpub\wwwroot\IntranetProsud2\modelos\descargar2.php on line 5
[08-Jun-2020 23:34:46 UTC] PHP Warning:  readfile(C:\pdf\2020\01\16\33_165801_2020-01-16_78030690-4.pdf): failed to open stream: No such file or directory in C:\inetpub\wwwroot\IntranetProsud2\modelos\descargar2.php on line 5
[08-Jun-2020 23:35:05 UTC] PHP Warning:  readfile(C:\pdf\2020\01\16\33_165801_2020-01-16_78030690-4.pdf): failed to open stream: No such file or directory in C:\inetpub\wwwroot\IntranetProsud2\modelos\descargar2.php on line 5
[08-Jun-2020 23:35:06 UTC] PHP Warning:  readfile(C:\pdf\2020\01\16\33_165801_2020-01-16_78030690-4.pdf): failed to open stream: No such file or directory in C:\inetpub\wwwroot\IntranetProsud2\modelos\descargar2.php on line 5
[08-Jun-2020 23:42:13 UTC] PHP Warning:  readfile(C:\pdf\2020\01\16\33_165801_2020-01-16_78030690-4.pdf): failed to open stream: No such file or directory in C:\inetpub\wwwroot\IntranetProsud2\modelos\descargar2.php on line 5
[08-Jun-2020 23:44:45 UTC] PHP Warning:  readfile(C:\pdf\2020\01\16\33_165801_2020-01-16_78030690-4-359112.pdf): failed to open stream: No such file or directory in C:\inetpub\wwwroot\IntranetProsud2\modelos\descargar2.php on line 8
[08-Jun-2020 23:45:37 UTC] PHP Warning:  readfile(C:\pdf\2020\01\16\33_165801_2020-01-16_78030690-4-359112.pdf): failed to open stream: No such file or directory in C:\inetpub\wwwroot\IntranetProsud2\modelos\descargar2.php on line 8
[08-Jun-2020 23:54:31 UTC] PHP Warning:  readfile(C:\pdf\2020\01\16\33_165801_2020-01-16_78030690-4-359112.pdf): failed to open stream: No such file or directory in C:\inetpub\wwwroot\IntranetProsud2\modelos\descargar2.php on line 8
[08-Jun-2020 23:54:52 UTC] PHP Warning:  A non-numeric value encountered in C:\inetpub\wwwroot\IntranetProsud2\modelos\descargar2.php on line 6
[08-Jun-2020 23:54:52 UTC] PHP Warning:  A non-numeric value encountered in C:\inetpub\wwwroot\IntranetProsud2\modelos\descargar2.php on line 6
[08-Jun-2020 23:54:52 UTC] PHP Warning:  A non-numeric value encountered in C:\inetpub\wwwroot\IntranetProsud2\modelos\descargar2.php on line 6
[08-Jun-2020 23:54:52 UTC] PHP Warning:  readfile(C:\pdf\2020\01\16\33_165801_2020-01-16_78030690-4-359112.pdf): failed to open stream: No such file or directory in C:\inetpub\wwwroot\IntranetProsud2\modelos\descargar2.php on line 8
[08-Jun-2020 23:54:56 UTC] PHP Warning:  A non-numeric value encountered in C:\inetpub\wwwroot\IntranetProsud2\modelos\descargar2.php on line 6
[08-Jun-2020 23:54:56 UTC] PHP Warning:  A non-numeric value encountered in C:\inetpub\wwwroot\IntranetProsud2\modelos\descargar2.php on line 6
[08-Jun-2020 23:54:56 UTC] PHP Warning:  A non-numeric value encountered in C:\inetpub\wwwroot\IntranetProsud2\modelos\descargar2.php on line 6
[08-Jun-2020 23:54:56 UTC] PHP Warning:  readfile(C:\pdf\2020\01\16\33_165801_2020-01-16_78030690-4-359112.pdf): failed to open stream: No such file or directory in C:\inetpub\wwwroot\IntranetProsud2\modelos\descargar2.php on line 8
[08-Jun-2020 23:55:01 UTC] PHP Warning:  A non-numeric value encountered in C:\inetpub\wwwroot\IntranetProsud2\modelos\descargar2.php on line 6
[08-Jun-2020 23:55:01 UTC] PHP Warning:  A non-numeric value encountered in C:\inetpub\wwwroot\IntranetProsud2\modelos\descargar2.php on line 6
[08-Jun-2020 23:55:01 UTC] PHP Warning:  A non-numeric value encountered in C:\inetpub\wwwroot\IntranetProsud2\modelos\descargar2.php on line 6
[08-Jun-2020 23:55:01 UTC] PHP Warning:  readfile(C:\pdf\2020\01\16\33_165801_2020-01-16_78030690-4-359112.pdf): failed to open stream: No such file or directory in C:\inetpub\wwwroot\IntranetProsud2\modelos\descargar2.php on line 8
[08-Jun-2020 23:55:09 UTC] PHP Warning:  A non-numeric value encountered in C:\inetpub\wwwroot\IntranetProsud2\modelos\descargar2.php on line 6
[08-Jun-2020 23:55:09 UTC] PHP Warning:  A non-numeric value encountered in C:\inetpub\wwwroot\IntranetProsud2\modelos\descargar2.php on line 6
[08-Jun-2020 23:55:09 UTC] PHP Warning:  A non-numeric value encountered in C:\inetpub\wwwroot\IntranetProsud2\modelos\descargar2.php on line 6
[08-Jun-2020 23:55:09 UTC] PHP Warning:  readfile(C:\pdf\2020\01\16\33_165801_2020-01-16_78030690-4-359112.pdf): failed to open stream: No such file or directory in C:\inetpub\wwwroot\IntranetProsud2\modelos\descargar2.php on line 8
[08-Jun-2020 23:55:11 UTC] PHP Warning:  A non-numeric value encountered in C:\inetpub\wwwroot\IntranetProsud2\modelos\descargar2.php on line 6
[08-Jun-2020 23:55:11 UTC] PHP Warning:  A non-numeric value encountered in C:\inetpub\wwwroot\IntranetProsud2\modelos\descargar2.php on line 6
[08-Jun-2020 23:55:11 UTC] PHP Warning:  A non-numeric value encountered in C:\inetpub\wwwroot\IntranetProsud2\modelos\descargar2.php on line 6
[08-Jun-2020 23:55:11 UTC] PHP Warning:  readfile(C:\pdf\2020\01\16\33_165801_2020-01-16_78030690-4-359112.pdf): failed to open stream: No such file or directory in C:\inetpub\wwwroot\IntranetProsud2\modelos\descargar2.php on line 8
[08-Jun-2020 23:56:15 UTC] PHP Warning:  A non-numeric value encountered in C:\inetpub\wwwroot\IntranetProsud2\modelos\descargar2.php on line 6
[08-Jun-2020 23:56:15 UTC] PHP Warning:  A non-numeric value encountered in C:\inetpub\wwwroot\IntranetProsud2\modelos\descargar2.php on line 6
[08-Jun-2020 23:56:15 UTC] PHP Warning:  A non-numeric value encountered in C:\inetpub\wwwroot\IntranetProsud2\modelos\descargar2.php on line 6
[08-Jun-2020 23:56:15 UTC] PHP Warning:  readfile(C:\pdf\2020\01\16\33_165801_2020-01-16_78030690-4-359112.pdf): failed to open stream: No such file or directory in C:\inetpub\wwwroot\IntranetProsud2\modelos\descargar2.php on line 8
[08-Jun-2020 23:56:28 UTC] PHP Warning:  readfile(C:\pdf\2020\01\16\33_165801_2020-01-16_78030690-4-359112.pdf): failed to open stream: No such file or directory in C:\inetpub\wwwroot\IntranetProsud2\modelos\descargar2.php on line 8
[08-Jun-2020 23:59:14 UTC] PHP Warning:  A non-numeric value encountered in C:\inetpub\wwwroot\IntranetProsud2\modelos\descargar2.php on line 6
[08-Jun-2020 23:59:14 UTC] PHP Warning:  A non-numeric value encountered in C:\inetpub\wwwroot\IntranetProsud2\modelos\descargar2.php on line 6
[08-Jun-2020 23:59:14 UTC] PHP Warning:  A non-numeric value encountered in C:\inetpub\wwwroot\IntranetProsud2\modelos\descargar2.php on line 6
[08-Jun-2020 23:59:14 UTC] PHP Warning:  readfile(C:\pdf\2020\01\16\33_165801_2020-01-16_78030690-4-359112.pdf): failed to open stream: No such file or directory in C:\inetpub\wwwroot\IntranetProsud2\modelos\descargar2.php on line 9
[09-Jun-2020 00:02:23 UTC] PHP Warning:  readfile(C:\pdf\2020\01\16\33_165801_2020-01-16_78030690-4-359112.pdf): failed to open stream: No such file or directory in C:\inetpub\wwwroot\IntranetProsud2\modelos\descargar2.php on line 9
[09-Jun-2020 00:03:05 UTC] PHP Parse error:  syntax error, unexpected '$filePath' (T_VARIABLE) in C:\inetpub\wwwroot\IntranetProsud2\modelos\descargar2.php on line 6
[09-Jun-2020 00:12:34 UTC] PHP Warning:  readfile(C:\pdf\2020\01\16\33_165801_2020-01-16_78030690-4-359112.pdf): failed to open stream: No such file or directory in C:\inetpub\wwwroot\IntranetProsud2\modelos\descargar2.php on line 10
[09-Jun-2020 00:13:00 UTC] PHP Warning:  readfile(C:\pdf\2020\01\16\33_165801_2020-01-16_78030690-4-359112.pdf): failed to open stream: No such file or directory in C:\inetpub\wwwroot\IntranetProsud2\modelos\descargar2.php on line 10
[09-Jun-2020 00:13:17 UTC] PHP Notice:  Undefined index: variable1 in C:\inetpub\wwwroot\IntranetProsud2\modelos\descargar2.php on line 3
[09-Jun-2020 00:13:17 UTC] PHP Warning:  readfile(C:\pdf\2020\01\16\33_165801_2020-01-16_78030690-4-359112.pdf): failed to open stream: No such file or directory in C:\inetpub\wwwroot\IntranetProsud2\modelos\descargar2.php on line 10
[09-Jun-2020 00:14:17 UTC] PHP Notice:  Undefined index: variable1 in C:\inetpub\wwwroot\IntranetProsud2\modelos\descargar2.php on line 3
[09-Jun-2020 00:14:17 UTC] PHP Warning:  readfile(C:\pdf\2020\01\16\33_165801_2020-01-16_78030690-4-359112.pdf): failed to open stream: No such file or directory in C:\inetpub\wwwroot\IntranetProsud2\modelos\descargar2.php on line 10
[09-Jun-2020 00:14:33 UTC] PHP Warning:  readfile(C:\pdf\2020\01\16\33_165801_2020-01-16_78030690-4-359112.pdf): failed to open stream: No such file or directory in C:\inetpub\wwwroot\IntranetProsud2\modelos\descargar2.php on line 10
[09-Jun-2020 00:21:39 UTC] PHP Warning:  readfile(C:\pdf\2020\01\16\33_165801_2020-01-16_78030690-4-359112.pdf): failed to open stream: No such file or directory in C:\inetpub\wwwroot\IntranetProsud2\modelos\descargar2.php on line 9
[09-Jun-2020 00:25:15 UTC] PHP Warning:  readfile(C:\pdf\2020\01\16\33_165801_2020-01-16_78030690-4-359112.pdf): failed to open stream: No such file or directory in C:\inetpub\wwwroot\IntranetProsud2\modelos\descargar2.php on line 9
[09-Jun-2020 00:26:07 UTC] PHP Warning:  readfile(C:\pdf\2020\01\16\33_165801_2020-01-16_78030690-4-359112.pdf): failed to open stream: No such file or directory in C:\inetpub\wwwroot\IntranetProsud2\modelos\descargar2.php on line 9
[09-Jun-2020 00:27:31 UTC] PHP Warning:  readfile(C:\pdf\2020\01\16\33_165801_2020-01-16_78030690-4-359112.pdf): failed to open stream: No such file or directory in C:\inetpub\wwwroot\IntranetProsud2\modelos\descargar2.php on line 9
[09-Jun-2020 00:27:57 UTC] PHP Warning:  readfile(C:\pdf\2020\01\16\33_165801_2020-01-16_78030690-4-359112.pdf): failed to open stream: No such file or directory in C:\inetpub\wwwroot\IntranetProsud2\modelos\descargar2.php on line 9
[09-Jun-2020 00:28:08 UTC] PHP Warning:  readfile(C:\pdf\2020\01\16\33_165801_2020-01-16_78030690-4-359112.pdf): failed to open stream: No such file or directory in C:\inetpub\wwwroot\IntranetProsud2\modelos\descargar2.php on line 9
[09-Jun-2020 00:42:48 UTC] PHP Fatal error:  Uncaught Error: Class 'ControladorStatus' not found in C:\inetpub\wwwroot\IntranetProsud2\modelos\descargar2.php:7
Stack trace:
#0 {main}
  thrown in C:\inetpub\wwwroot\IntranetProsud2\modelos\descargar2.php on line 7
[09-Jun-2020 00:45:30 UTC] PHP Fatal error:  Uncaught Error: Class 'ControladorStatus' not found in C:\inetpub\wwwroot\IntranetProsud2\modelos\descargar2.php:7
Stack trace:
#0 {main}
  thrown in C:\inetpub\wwwroot\IntranetProsud2\modelos\descargar2.php on line 7
[09-Jun-2020 00:46:20 UTC] PHP Warning:  require_once(modelos/status.modelo.php): failed to open stream: No such file or directory in C:\inetpub\wwwroot\IntranetProsud2\modelos\descargar2.php on line 2
[09-Jun-2020 00:46:20 UTC] PHP Fatal error:  require_once(): Failed opening required 'modelos/status.modelo.php' (include_path='.;C:\php\pear') in C:\inetpub\wwwroot\IntranetProsud2\modelos\descargar2.php on line 2
[09-Jun-2020 00:57:39 UTC] PHP Warning:  readfile(C:\pdf\2020\01\16\33_165801_2020-01-16_78030690-4-359112.pdf): failed to open stream: No such file or directory in C:\inetpub\wwwroot\IntranetProsud2\modelos\descargar2.php on line 10
[09-Jun-2020 02:24:14 UTC] PHP Warning:  readfile(33_166093_2020-01-21_78030690-4.pdf): failed to open stream: No such file or directory in C:\inetpub\wwwroot\IntranetProsud2\modelos\descargar2.php on line 10
[09-Jun-2020 02:25:32 UTC] PHP Deprecated:  The behavior of unparenthesized expressions containing both '.' and '+'/'-' will change in PHP 8: '+'/'-' will take a higher precedence in C:\inetpub\wwwroot\IntranetProsud2\modelos\descargar2.php on line 7
[09-Jun-2020 02:25:32 UTC] PHP Warning:  A non-numeric value encountered in C:\inetpub\wwwroot\IntranetProsud2\modelos\descargar2.php on line 7
[09-Jun-2020 02:25:32 UTC] PHP Notice:  A non well formed numeric value encountered in C:\inetpub\wwwroot\IntranetProsud2\modelos\descargar2.php on line 7
[09-Jun-2020 02:25:32 UTC] PHP Warning:  readfile(33_166093_2020-01-21_78030690-4.pdf): failed to open stream: No such file or directory in C:\inetpub\wwwroot\IntranetProsud2\modelos\descargar2.php on line 10
[09-Jun-2020 02:26:07 UTC] PHP Warning:  readfile(33_166093_2020-01-21_78030690-4.pdf): failed to open stream: No such file or directory in C:\inetpub\wwwroot\IntranetProsud2\modelos\descargar2.php on line 10
[09-Jun-2020 03:41:45 UTC] PHP Warning:  readfile(20200116): failed to open stream: No such file or directory in C:\inetpub\wwwroot\IntranetProsud2\modelos\descargar2.php on line 10
[11-Jun-2020 14:50:27 UTC] PHP Warning:  readfile(&quot;C:\pdf\2020\01\16\33_165801_2020-01-16_78030690-4-.pdf&quot;): failed to open stream: No such file or directory in C:\inetpub\wwwroot\IntranetProsud2\modelos\descargar2.php on line 10
[11-Jun-2020 15:03:06 UTC] PHP Warning:  readfile(&quot;C:/pdf/2020/01/16/33_165801_2020-01-16_78030690-4-.pdf&quot;): failed to open stream: No such file or directory in C:\inetpub\wwwroot\IntranetProsud2\modelos\descargar2.php on line 10
[11-Jun-2020 15:03:23 UTC] PHP Warning:  readfile(C:/pdf/2020/01/16/33_165801_2020-01-16_78030690-4-.pdf): failed to open stream: No such file or directory in C:\inetpub\wwwroot\IntranetProsud2\modelos\descargar2.php on line 10
[11-Jun-2020 15:04:05 UTC] PHP Warning:  readfile(&quot;C:\pdf\2020\01\16\33_165801_2020-01-16_78030690-4-.pdf&quot;): failed to open stream: No such file or directory in C:\inetpub\wwwroot\IntranetProsud2\modelos\descargar2.php on line 10
[11-Jun-2020 15:08:07 UTC] PHP Warning:  readfile(&quot;C:\pdf\2020\01\16\33_165801_2020-01-16_78030690-4-.pdf&quot;): failed to open stream: No such file or directory in C:\inetpub\wwwroot\IntranetProsud2\modelos\descargar2.php on line 10
[11-Jun-2020 15:08:08 UTC] PHP Warning:  readfile(&quot;C:\pdf\2020\01\16\33_165801_2020-01-16_78030690-4-.pdf&quot;): failed to open stream: No such file or directory in C:\inetpub\wwwroot\IntranetProsud2\modelos\descargar2.php on line 10
[11-Jun-2020 15:13:58 UTC] PHP Warning:  readfile(&quot;C:\pdf\2020\01\16\33_165801_2020-01-16_78030690-4-.pdf&quot;): failed to open stream: No such file or directory in C:\inetpub\wwwroot\IntranetProsud2\modelos\descargar2.php on line 10
[11-Jun-2020 15:14:54 UTC] PHP Warning:  readfile(C:/pdf/2020/01/16/33_165801_2020-01-16_78030690-4-.pdf): failed to open stream: No such file or directory in C:\inetpub\wwwroot\IntranetProsud2\modelos\descargar2.php on line 10
[11-Jun-2020 15:15:03 UTC] PHP Warning:  readfile(C:/pdf/2020/01/16/33_165801_2020-01-16_78030690-4-.pdf): failed to open stream: No such file or directory in C:\inetpub\wwwroot\IntranetProsud2\modelos\descargar2.php on line 10
[11-Jun-2020 15:28:37 UTC] PHP Warning:  readfile(C:/pdf/2020/01/21/33_165801_2020-01-16_78030690-4-.pdf): failed to open stream: No such file or directory in C:\inetpub\wwwroot\IntranetProsud2\modelos\descargar2.php on line 10
[11-Jun-2020 15:31:37 UTC] PHP Warning:  readfile(C:/pdf/2020/01/21/33_166093_2020-01-21_78030690-4.pdf): failed to open stream: No such file or directory in C:\inetpub\wwwroot\IntranetProsud2\modelos\descargar2.php on line 11
[11-Jun-2020 15:31:42 UTC] PHP Warning:  readfile(C:/pdf/2020/01/16/33_165801_2020-01-16_78030690-4.pdf): failed to open stream: No such file or directory in C:\inetpub\wwwroot\IntranetProsud2\modelos\descargar2.php on line 11
[11-Jun-2020 15:31:44 UTC] PHP Warning:  readfile(C:/pdf/2020/01/24/52_219628_2020-01-24_78030690-4.pdf): failed to open stream: No such file or directory in C:\inetpub\wwwroot\IntranetProsud2\modelos\descargar2.php on line 11
[11-Jun-2020 19:27:00 UTC] PHP Warning:  readfile(C:/pdf/2020/01/24/52_219628_2020-01-24_78030690-4.pdf): failed to open stream: No such file or directory in C:\inetpub\wwwroot\IntranetProsud2\modelos\descargar2.php on line 11
[11-Jun-2020 19:27:02 UTC] PHP Warning:  readfile(C:/pdf/2020/01/16/33_165801_2020-01-16_78030690-4.pdf): failed to open stream: No such file or directory in C:\inetpub\wwwroot\IntranetProsud2\modelos\descargar2.php on line 11
[11-Jun-2020 19:27:03 UTC] PHP Warning:  readfile(C:/pdf/2020/01/21/33_166093_2020-01-21_78030690-4.pdf): failed to open stream: No such file or directory in C:\inetpub\wwwroot\IntranetProsud2\modelos\descargar2.php on line 11
[12-Jun-2020 15:37:45 UTC] PHP Warning:  readfile(C:/pdf/2020/01/21/33_166093_2020-01-21_78030690-4.pdf): failed to open stream: No such file or directory in C:\inetpub\wwwroot\IntranetProsud2\modelos\descargar2.php on line 11
[12-Jun-2020 16:01:01 UTC] PHP Warning:  readfile(C:/pdf/2020/01/21/33_166093_2020-01-21_78030690-4.pdf): failed to open stream: No such file or directory in C:\inetpub\wwwroot\IntranetProsud2\modelos\descargar2.php on line 11
[15-Jun-2020 14:56:42 UTC] PHP Warning:  readfile(//192.168.1.212/pdf/2020/01/16/33_165801_2020-01-16_78030690-4.pdf): failed to open stream: Permission denied in C:\inetpub\wwwroot\IntranetProsud2\modelos\descargar2.php on line 11
[15-Jun-2020 19:07:46 UTC] PHP Warning:  filesize(): stat failed for //192.168.1.212/pdf/2020/01/16/33_165801_2020-01-16_78030690-4.pdf in C:\inetpub\wwwroot\IntranetProsud2\modelos\descargar2.php on line 17
[15-Jun-2020 19:07:46 UTC] PHP Warning:  readfile(//192.168.1.212/pdf/2020/01/16/33_165801_2020-01-16_78030690-4.pdf): failed to open stream: Permission denied in C:\inetpub\wwwroot\IntranetProsud2\modelos\descargar2.php on line 18
